# JRE version: Java(TM) SE Runtime Environment 18.9 (11.0.8+10) (build 11.0.8+10-LTS)
# Java VM: Java HotSpot(TM) 64-Bit Server VM 18.9 (11.0.8+10-LTS, mixed mode, tiered, compressed oops, g1 gc, windows-amd64)
Heap:
 garbage-first heap   total 122880K, used 8866K [0x0000000089000000, 0x0000000100000000)
  region size 1024K, 4 young (4096K), 3 survivors (3072K)
 Metaspace       used 18355K, capacity 18636K, committed 18816K, reserved 1071104K
  class space    used 2034K, capacity 2145K, committed 2176K, reserved 1048576K
GC Heap History (8 events):
Event: 1.314 GC heap before
{Heap before GC invocations=0 (full 0):
 garbage-first heap   total 122880K, used 15360K [0x0000000089000000, 0x0000000100000000)
  region size 1024K, 14 young (14336K), 0 survivors (0K)
 Metaspace       used 11453K, capacity 11665K, committed 12032K, reserved 1060864K
  class space    used 1082K, capacity 1165K, committed 1280K, reserved 1048576K
}
Event: 1.324 GC heap after
{Heap after GC invocations=1 (full 0):
 garbage-first heap   total 122880K, used 6446K [0x0000000089000000, 0x0000000100000000)
  region size 1024K, 2 young (2048K), 2 survivors (2048K)
 Metaspace       used 11453K, capacity 11665K, committed 12032K, reserved 1060864K
  class space    used 1082K, capacity 1165K, committed 1280K, reserved 1048576K
}
Event: 2.546 GC heap before
{Heap before GC invocations=1 (full 0):
 garbage-first heap   total 122880K, used 15662K [0x0000000089000000, 0x0000000100000000)
  region size 1024K, 12 young (12288K), 2 survivors (2048K)
 Metaspace       used 13602K, capacity 13881K, committed 14080K, reserved 1062912K
  class space    used 1314K, capacity 1414K, committed 1536K, reserved 1048576K
}
Event: 2.552 GC heap after
{Heap after GC invocations=2 (full 0):
 garbage-first heap   total 122880K, used 7826K [0x0000000089000000, 0x0000000100000000)
  region size 1024K, 2 young (2048K), 2 survivors (2048K)
 Metaspace       used 13602K, capacity 13881K, committed 14080K, reserved 1062912K
  class space    used 1314K, capacity 1414K, committed 1536K, reserved 1048576K
}
Event: 2.574 GC heap before
{Heap before GC invocations=2 (full 0):
 garbage-first heap   total 122880K, used 34450K [0x0000000089000000, 0x0000000100000000)
  region size 1024K, 29 young (29696K), 2 survivors (2048K)
 Metaspace       used 13602K, capacity 13881K, committed 14080K, reserved 1062912K
  class space    used 1314K, capacity 1414K, committed 1536K, reserved 1048576K
}
Event: 2.576 GC heap after
{Heap after GC invocations=3 (full 0):
 garbage-first heap   total 122880K, used 7947K [0x0000000089000000, 0x0000000100000000)
  region size 1024K, 2 young (2048K), 2 survivors (2048K)
 Metaspace       used 13602K, capacity 13881K, committed 14080K, reserved 1062912K
  class space    used 1314K, capacity 1414K, committed 1536K, reserved 1048576K
}
Event: 4.500 GC heap before
{Heap before GC invocations=3 (full 0):
 garbage-first heap   total 122880K, used 26379K [0x0000000089000000, 0x0000000100000000)
  region size 1024K, 22 young (22528K), 2 survivors (2048K)
 Metaspace       used 18187K, capacity 18467K, committed 18560K, reserved 1071104K
  class space    used 1995K, capacity 2109K, committed 2176K, reserved 1048576K
}
Event: 4.505 GC heap after
{Heap after GC invocations=4 (full 0):
 garbage-first heap   total 122880K, used 8866K [0x0000000089000000, 0x0000000100000000)
  region size 1024K, 3 young (3072K), 3 survivors (3072K)
 Metaspace       used 18187K, capacity 18467K, committed 18560K, reserved 1071104K
  class space    used 1995K, capacity 2109K, committed 2176K, reserved 1048576K
}

