# JRE version: Java(TM) SE Runtime Environment 18.9 (11.0.8+10) (build 11.0.8+10-LTS)
# Java VM: Java HotSpot(TM) 64-Bit Server VM 18.9 (11.0.8+10-LTS, mixed mode, tiered, compressed oops, g1 gc, windows-amd64)
Heap:
 garbage-first heap   total 122880K, used 8697K [0x0000000089000000, 0x0000000100000000)
  region size 1024K, 2 young (2048K), 2 survivors (2048K)
 Metaspace       used 17296K, capacity 17566K, committed 17664K, reserved 1079296K
  class space    used 1871K, capacity 1978K, committed 2048K, reserved 1048576K
GC Heap History (8 events):
Event: 1.305 GC heap before
{Heap before GC invocations=0 (full 0):
 garbage-first heap   total 122880K, used 16384K [0x0000000089000000, 0x0000000100000000)
  region size 1024K, 14 young (14336K), 0 survivors (0K)
 Metaspace       used 11651K, capacity 11848K, committed 11904K, reserved 1060864K
  class space    used 1071K, capacity 1140K, committed 1152K, reserved 1048576K
}
Event: 1.320 GC heap after
{Heap after GC invocations=1 (full 0):
 garbage-first heap   total 122880K, used 7259K [0x0000000089000000, 0x0000000100000000)
  region size 1024K, 2 young (2048K), 2 survivors (2048K)
 Metaspace       used 11651K, capacity 11848K, committed 11904K, reserved 1060864K
  class space    used 1071K, capacity 1140K, committed 1152K, reserved 1048576K
}
Event: 1.454 GC heap before
{Heap before GC invocations=1 (full 0):
 garbage-first heap   total 122880K, used 15451K [0x0000000089000000, 0x0000000100000000)
  region size 1024K, 11 young (11264K), 2 survivors (2048K)
 Metaspace       used 12180K, capacity 12441K, committed 12544K, reserved 1060864K
  class space    used 1144K, capacity 1210K, committed 1280K, reserved 1048576K
}
Event: 1.460 GC heap after
{Heap after GC invocations=2 (full 0):
 garbage-first heap   total 122880K, used 7696K [0x0000000089000000, 0x0000000100000000)
  region size 1024K, 1 young (1024K), 1 survivors (1024K)
 Metaspace       used 12180K, capacity 12441K, committed 12544K, reserved 1060864K
  class space    used 1144K, capacity 1210K, committed 1280K, reserved 1048576K
}
Event: 1.502 GC heap before
{Heap before GC invocations=2 (full 0):
 garbage-first heap   total 122880K, used 35344K [0x0000000089000000, 0x0000000100000000)
  region size 1024K, 29 young (29696K), 1 survivors (1024K)
 Metaspace       used 12423K, capacity 12665K, committed 12800K, reserved 1060864K
  class space    used 1154K, capacity 1242K, committed 1280K, reserved 1048576K
}
Event: 1.503 GC heap after
{Heap after GC invocations=3 (full 0):
 garbage-first heap   total 122880K, used 7703K [0x0000000089000000, 0x0000000100000000)
  region size 1024K, 1 young (1024K), 1 survivors (1024K)
 Metaspace       used 12423K, capacity 12665K, committed 12800K, reserved 1060864K
  class space    used 1154K, capacity 1242K, committed 1280K, reserved 1048576K
}
Event: 2.197 GC heap before
{Heap before GC invocations=3 (full 0):
 garbage-first heap   total 122880K, used 22039K [0x0000000089000000, 0x0000000100000000)
  region size 1024K, 16 young (16384K), 1 survivors (1024K)
 Metaspace       used 17296K, capacity 17566K, committed 17664K, reserved 1077248K
  class space    used 1871K, capacity 1978K, committed 2048K, reserved 1048576K
}
Event: 2.201 GC heap after
{Heap after GC invocations=4 (full 0):
 garbage-first heap   total 122880K, used 8697K [0x0000000089000000, 0x0000000100000000)
  region size 1024K, 2 young (2048K), 2 survivors (2048K)
 Metaspace       used 17296K, capacity 17566K, committed 17664K, reserved 1077248K
  class space    used 1871K, capacity 1978K, committed 2048K, reserved 1048576K
}

